<?xml version="1.0" encoding="UTF-8"?>
<!-- Generated by org.testng.reporters.JUnitReportReporter -->
<testsuite skipped="0" hostname="Kabirs-MacBook-Air.local" name="KabirProject.SeleniumTest" tests="1" failures="0" timestamp="2019-12-12T19:42:06 CST" time="0.001" errors="0">
  <testcase name="seleniumTestauto" time="0.001" classname="KabirProject.SeleniumTest"/>
</testsuite> <!-- KabirProject.SeleniumTest -->
