<?xml version="1.0" encoding="UTF-8"?>
<!-- Generated by org.testng.reporters.JUnitReportReporter -->
<testsuite skipped="0" hostname="Kabirs-MacBook-Air.local" name="KabirProject.AppiumTest" tests="2" failures="0" timestamp="2019-12-12T19:55:39 CST" time="0.012" errors="0">
  <testcase name="androidTest" time="0.012" classname="KabirProject.AppiumTest"/>
  <testcase name="nativeiOSTest" time="0.000" classname="KabirProject.AppiumTest"/>
</testsuite> <!-- KabirProject.AppiumTest -->
