<?xml version="1.0" encoding="UTF-8"?>
<!-- Generated by org.testng.reporters.JUnitReportReporter -->
<testsuite skipped="0" hostname="Kabirs-MacBook-Air.local" name="KabirProject.RESTAPITest" tests="1" failures="0" timestamp="2019-12-12T19:42:01 CST" time="0.000" errors="0">
  <testcase name="RESTAPIauto" time="0.000" classname="KabirProject.RESTAPITest"/>
</testsuite> <!-- KabirProject.RESTAPITest -->
